0 info it worked if it ends with ok
1 verbose cli [ 'C:\\Program Files\\nodejs\\node.exe',
1 verbose cli   'C:\\Program Files\\nodejs\\node_modules\\npm\\bin\\npm-cli.js',
1 verbose cli   'install',
1 verbose cli   'New',
1 verbose cli   'folder' ]
2 info using npm@3.10.10
3 info using node@v6.11.0
4 verbose config Skipping project config: C:\Users\Sahithi.Vanamala/.npmrc. (matches userconfig)
5 silly loadCurrentTree Starting
6 silly install loadCurrentTree
7 silly install readLocalPackageData
8 silly fetchPackageMetaData New
9 silly fetchPackageMetaData folder
10 silly fetchNamedPackageData New
11 silly mapToRegistry name New
12 silly mapToRegistry using default registry
13 silly mapToRegistry registry https://registry.npmjs.org/
14 silly mapToRegistry data Result {
14 silly mapToRegistry   raw: 'New',
14 silly mapToRegistry   scope: null,
14 silly mapToRegistry   escapedName: 'New',
14 silly mapToRegistry   name: 'New',
14 silly mapToRegistry   rawSpec: '',
14 silly mapToRegistry   spec: 'latest',
14 silly mapToRegistry   type: 'tag' }
15 silly mapToRegistry uri https://registry.npmjs.org/New
16 silly fetchNamedPackageData folder
17 silly mapToRegistry name folder
18 silly mapToRegistry using default registry
19 silly mapToRegistry registry https://registry.npmjs.org/
20 silly mapToRegistry data Result {
20 silly mapToRegistry   raw: 'folder',
20 silly mapToRegistry   scope: null,
20 silly mapToRegistry   escapedName: 'folder',
20 silly mapToRegistry   name: 'folder',
20 silly mapToRegistry   rawSpec: '',
20 silly mapToRegistry   spec: 'latest',
20 silly mapToRegistry   type: 'tag' }
21 silly mapToRegistry uri https://registry.npmjs.org/folder
22 verbose request uri https://registry.npmjs.org/New
23 verbose request no auth needed
24 info attempt registry request try #1 at 9:47:38 AM
25 verbose request id faf5b19a1a8ab636
26 http request GET https://registry.npmjs.org/New
27 verbose request uri https://registry.npmjs.org/folder
28 verbose request no auth needed
29 info attempt registry request try #1 at 9:47:38 AM
30 http request GET https://registry.npmjs.org/folder
31 http 200 https://registry.npmjs.org/folder
32 verbose headers { server: 'nginx/1.10.3',
32 verbose headers   'content-type': 'application/json',
32 verbose headers   'last-modified': 'Wed, 22 Oct 2014 01:54:56 GMT',
32 verbose headers   etag: 'W/"54470e70-d26"',
32 verbose headers   'content-encoding': 'gzip',
32 verbose headers   'cache-control': 'max-age=300',
32 verbose headers   'content-length': '960',
32 verbose headers   'accept-ranges': 'bytes',
32 verbose headers   date: 'Thu, 08 Jun 2017 13:47:38 GMT',
32 verbose headers   via: '1.1 varnish',
32 verbose headers   age: '0',
32 verbose headers   connection: 'keep-alive',
32 verbose headers   'x-served-by': 'cache-yyz8332-YYZ',
32 verbose headers   'x-cache': 'MISS',
32 verbose headers   'x-cache-hits': '0',
32 verbose headers   'x-timer': 'S1496929659.537947,VS0,VE103',
32 verbose headers   vary: 'Accept-Encoding' }
33 silly get cb [ 200,
33 silly get   { server: 'nginx/1.10.3',
33 silly get     'content-type': 'application/json',
33 silly get     'last-modified': 'Wed, 22 Oct 2014 01:54:56 GMT',
33 silly get     etag: 'W/"54470e70-d26"',
33 silly get     'content-encoding': 'gzip',
33 silly get     'cache-control': 'max-age=300',
33 silly get     'content-length': '960',
33 silly get     'accept-ranges': 'bytes',
33 silly get     date: 'Thu, 08 Jun 2017 13:47:38 GMT',
33 silly get     via: '1.1 varnish',
33 silly get     age: '0',
33 silly get     connection: 'keep-alive',
33 silly get     'x-served-by': 'cache-yyz8332-YYZ',
33 silly get     'x-cache': 'MISS',
33 silly get     'x-cache-hits': '0',
33 silly get     'x-timer': 'S1496929659.537947,VS0,VE103',
33 silly get     vary: 'Accept-Encoding' } ]
34 verbose get saving folder to C:\Users\Sahithi.Vanamala\AppData\Roaming\npm-cache\registry.npmjs.org\folder\.cache.json
35 verbose correctMkdir C:\Users\Sahithi.Vanamala\AppData\Roaming\npm-cache correctMkdir not in flight; initializing
36 http 404 https://registry.npmjs.org/New
37 verbose headers { 'content-type': 'application/json',
37 verbose headers   'cache-control': 'max-age=0',
37 verbose headers   'content-length': '2',
37 verbose headers   'accept-ranges': 'bytes',
37 verbose headers   date: 'Thu, 08 Jun 2017 13:47:38 GMT',
37 verbose headers   via: '1.1 varnish',
37 verbose headers   age: '0',
37 verbose headers   connection: 'keep-alive',
37 verbose headers   'x-served-by': 'cache-yyz8324-YYZ',
37 verbose headers   'x-cache': 'MISS',
37 verbose headers   'x-cache-hits': '0',
37 verbose headers   'x-timer': 'S1496929659.536103,VS0,VE451',
37 verbose headers   vary: 'Accept-Encoding' }
38 silly get cb [ 404,
38 silly get   { 'content-type': 'application/json',
38 silly get     'cache-control': 'max-age=0',
38 silly get     'content-length': '2',
38 silly get     'accept-ranges': 'bytes',
38 silly get     date: 'Thu, 08 Jun 2017 13:47:38 GMT',
38 silly get     via: '1.1 varnish',
38 silly get     age: '0',
38 silly get     connection: 'keep-alive',
38 silly get     'x-served-by': 'cache-yyz8324-YYZ',
38 silly get     'x-cache': 'MISS',
38 silly get     'x-cache-hits': '0',
38 silly get     'x-timer': 'S1496929659.536103,VS0,VE451',
38 silly get     vary: 'Accept-Encoding' } ]
39 silly fetchPackageMetaData Error: Registry returned 404 for GET on https://registry.npmjs.org/New
39 silly fetchPackageMetaData     at makeError (C:\Program Files\nodejs\node_modules\npm\node_modules\npm-registry-client\lib\request.js:302:12)
39 silly fetchPackageMetaData     at CachingRegistryClient.<anonymous> (C:\Program Files\nodejs\node_modules\npm\node_modules\npm-registry-client\lib\request.js:280:14)
39 silly fetchPackageMetaData     at Request._callback (C:\Program Files\nodejs\node_modules\npm\node_modules\npm-registry-client\lib\request.js:210:14)
39 silly fetchPackageMetaData     at Request.self.callback (C:\Program Files\nodejs\node_modules\npm\node_modules\request\request.js:187:22)
39 silly fetchPackageMetaData     at emitTwo (events.js:106:13)
39 silly fetchPackageMetaData     at Request.emit (events.js:191:7)
39 silly fetchPackageMetaData     at Request.<anonymous> (C:\Program Files\nodejs\node_modules\npm\node_modules\request\request.js:1048:10)
39 silly fetchPackageMetaData     at emitOne (events.js:96:13)
39 silly fetchPackageMetaData     at Request.emit (events.js:188:7)
39 silly fetchPackageMetaData     at IncomingMessage.<anonymous> (C:\Program Files\nodejs\node_modules\npm\node_modules\request\request.js:969:12)
39 silly fetchPackageMetaData  error for New { Error: Registry returned 404 for GET on https://registry.npmjs.org/New
39 silly fetchPackageMetaData     at makeError (C:\Program Files\nodejs\node_modules\npm\node_modules\npm-registry-client\lib\request.js:302:12)
39 silly fetchPackageMetaData     at CachingRegistryClient.<anonymous> (C:\Program Files\nodejs\node_modules\npm\node_modules\npm-registry-client\lib\request.js:280:14)
39 silly fetchPackageMetaData     at Request._callback (C:\Program Files\nodejs\node_modules\npm\node_modules\npm-registry-client\lib\request.js:210:14)
39 silly fetchPackageMetaData     at Request.self.callback (C:\Program Files\nodejs\node_modules\npm\node_modules\request\request.js:187:22)
39 silly fetchPackageMetaData     at emitTwo (events.js:106:13)
39 silly fetchPackageMetaData     at Request.emit (events.js:191:7)
39 silly fetchPackageMetaData     at Request.<anonymous> (C:\Program Files\nodejs\node_modules\npm\node_modules\request\request.js:1048:10)
39 silly fetchPackageMetaData     at emitOne (events.js:96:13)
39 silly fetchPackageMetaData     at Request.emit (events.js:188:7)
39 silly fetchPackageMetaData     at IncomingMessage.<anonymous> (C:\Program Files\nodejs\node_modules\npm\node_modules\request\request.js:969:12) pkgid: 'New', statusCode: 404, code: 'E404' }
40 silly rollbackFailedOptional Starting
41 silly rollbackFailedOptional Finishing
42 silly runTopLevelLifecycles Finishing
43 silly install printInstalled
44 verbose stack Error: Registry returned 404 for GET on https://registry.npmjs.org/New
44 verbose stack     at makeError (C:\Program Files\nodejs\node_modules\npm\node_modules\npm-registry-client\lib\request.js:302:12)
44 verbose stack     at CachingRegistryClient.<anonymous> (C:\Program Files\nodejs\node_modules\npm\node_modules\npm-registry-client\lib\request.js:280:14)
44 verbose stack     at Request._callback (C:\Program Files\nodejs\node_modules\npm\node_modules\npm-registry-client\lib\request.js:210:14)
44 verbose stack     at Request.self.callback (C:\Program Files\nodejs\node_modules\npm\node_modules\request\request.js:187:22)
44 verbose stack     at emitTwo (events.js:106:13)
44 verbose stack     at Request.emit (events.js:191:7)
44 verbose stack     at Request.<anonymous> (C:\Program Files\nodejs\node_modules\npm\node_modules\request\request.js:1048:10)
44 verbose stack     at emitOne (events.js:96:13)
44 verbose stack     at Request.emit (events.js:188:7)
44 verbose stack     at IncomingMessage.<anonymous> (C:\Program Files\nodejs\node_modules\npm\node_modules\request\request.js:969:12)
45 verbose statusCode 404
46 verbose pkgid New
47 verbose cwd C:\Users\Sahithi.Vanamala\Desktop\Desktop\Personal\New folder
48 error Windows_NT 6.1.7601
49 error argv "C:\\Program Files\\nodejs\\node.exe" "C:\\Program Files\\nodejs\\node_modules\\npm\\bin\\npm-cli.js" "install" "New" "folder"
50 error node v6.11.0
51 error npm  v3.10.10
52 error code E404
53 error 404 Registry returned 404 for GET on https://registry.npmjs.org/New
54 error 404
55 error 404 'New' is not in the npm registry.
56 error 404 Your package name is not valid, because
57 error 404 1. name can no longer contain capital letters
58 error 404 Note that you can also install from a
59 error 404 tarball, folder, http url, or git url.
60 verbose exit [ 1, true ]
